ERC report (2026-04-22T22:33:13+0200, Encoding UTF8)

***** Sheet /
[footprint_link_issues]: The current configuration does not include the footprint library ''.
    ; warning
    @(50.80 mm, 66.04 mm): Symbol J1 [RJ45_POE_MAG]
[footprint_link_issues]: The current configuration does not include the footprint library ''.
    ; warning
    @(111.76 mm, 66.04 mm): Symbol U4 [POE_PD_AG9905M]
[footprint_link_issues]: The current configuration does not include the footprint library ''.
    ; warning
    @(165.10 mm, 66.04 mm): Symbol U5 [BUCK_R78B]
[footprint_link_issues]: The current configuration does not include the footprint library ''.
    ; warning
    @(76.20 mm, 66.04 mm): Symbol U1 [ESP32_MVP]
[footprint_link_issues]: The current configuration does not include the footprint library ''.
    ; warning
    @(142.24 mm, 66.04 mm): Symbol U2 [W5500_SPI]
[footprint_link_issues]: The current configuration does not include the footprint library ''.
    ; warning
    @(88.90 mm, 66.04 mm): Symbol U3 [NRF9151_DUAL_IF]
[footprint_link_issues]: The current configuration does not include the footprint library ''.
    ; warning
    @(139.70 mm, 54.61 mm): Symbol SJ204 [SJ_LINK]
[footprint_link_issues]: The current configuration does not include the footprint library ''.
    ; warning
    @(139.70 mm, 58.42 mm): Symbol SJ203 [SJ_LINK]
[footprint_link_issues]: The current configuration does not include the footprint library ''.
    ; warning
    @(139.70 mm, 62.23 mm): Symbol SJ202 [SJ_LINK]
[footprint_link_issues]: The current configuration does not include the footprint library ''.
    ; warning
    @(139.70 mm, 66.04 mm): Symbol SJ201 [SJ_LINK]
[footprint_link_issues]: The current configuration does not include the footprint library ''.
    ; warning
    @(139.70 mm, 74.93 mm): Symbol SJ104 [SJ_LINK]
[footprint_link_issues]: The current configuration does not include the footprint library ''.
    ; warning
    @(139.70 mm, 78.74 mm): Symbol SJ103 [SJ_LINK]
[footprint_link_issues]: The current configuration does not include the footprint library ''.
    ; warning
    @(139.70 mm, 82.55 mm): Symbol SJ102 [SJ_LINK]
[footprint_link_issues]: The current configuration does not include the footprint library ''.
    ; warning
    @(139.70 mm, 86.36 mm): Symbol SJ101 [SJ_LINK]
[footprint_link_issues]: The current configuration does not include the footprint library ''.
    ; warning
    @(45.72 mm, 76.20 mm): Symbol J2 [USB_C_UFP_MIN]
[footprint_link_issues]: The current configuration does not include the footprint library ''.
    ; warning
    @(68.58 mm, 73.66 mm): Symbol R202 [RES_MIN]
[footprint_link_issues]: The current configuration does not include the footprint library ''.
    ; warning
    @(68.58 mm, 76.20 mm): Symbol R201 [RES_MIN]
[footprint_link_issues]: The current configuration does not include the footprint library ''.
    ; warning
    @(68.58 mm, 83.82 mm): Symbol F2 [FUSE_MIN]
[footprint_link_issues]: The current configuration does not include the footprint library ''.
    ; warning
    @(91.44 mm, 83.82 mm): Symbol D7 [DIODE_SCHOTTKY_MIN]
[footprint_link_issues]: The current configuration does not include the footprint library ''.
    ; warning
    @(121.92 mm, 76.20 mm): Symbol U6 [CP2102N_MIN]
[footprint_link_issues]: The current configuration does not include the footprint library ''.
    ; warning
    @(167.64 mm, 76.20 mm): Symbol U7 [AUTO_PROG_MIN]

***** Sheet /power_poe/

***** Sheet /esp32_eth/

***** Sheet /nrf9151_iface/

***** Sheet /usb_pc_iface/

 ** ERC messages: 21  Errors 0  Warnings 21
